#
# A fatal error has been detected by the Java Runtime Environment:
#
#  EXCEPTION_ACCESS_VIOLATION (0xc0000005) at pc=0x177e11f9, pid=4284, tid=13024
#
# JRE version: 6.0_20-b02
# Java VM: Java HotSpot(TM) Client VM (16.3-b01 mixed mode windows-x86 )
# Problematic frame:
# C  0x177e11f9
#
# If you would like to submit a bug report, please visit:
#   http://java.sun.com/webapps/bugreport/crash.jsp
# The crash happened outside the Java Virtual Machine in native code.
# See problematic frame for where to report the bug.
#

---------------  T H R E A D  ---------------

Current thread (0x16bc1000):  JavaThread "JDWP Command Reader" daemon [_thread_in_native, id=13024, stack(0x16f20000,0x16f70000)]

siginfo: ExceptionCode=0xc0000005, reading address 0x177e11f9

Registers:
EAX=0x00000000, EBX=0x16f6fcf8, ECX=0x719c44a8, EDX=0x00000001
ESP=0x16f6fc58, EBP=0x16f6fcc0, ESI=0x16f6fd10, EDI=0x16f6fd1c
EIP=0x177e11f9, EFLAGS=0x00010246

Top of Stack: (sp=0x16f6fc58)
0x16f6fc58:   16f6fd80 16dc7818 00000000 00000000
0x16f6fc68:   00000000 00000000 00000000 00000000
0x16f6fc78:   00000000 00000000 00000000 00000000
0x16f6fc88:   00000000 00000000 00000000 00000000
0x16f6fc98:   00000000 00000000 00000000 00000000
0x16f6fca8:   00000000 00000000 00000000 00000000
0x16f6fcb8:   00000000 00000000 16f6fd08 71a267de
0x16f6fcc8:   00000e88 16f6fcf8 00000001 16f6fd10 

Instructions: (pc=0x177e11f9)
0x177e11e9:   
[error occurred during error reporting (printing registers, top of stack, instructions near pc), id 0xc0000005]

Stack: [0x16f20000,0x16f70000],  sp=0x16f6fc58,  free space=13f16f6f118k
Native frames: (J=compiled Java code, j=interpreted, Vv=VM code, C=native code)
C  0x177e11f9
C  [WS2_32.dll+0x67de]
C  [dt_socket.dll+0x1df1]
C  [dt_socket.dll+0x1a66]
C  [jdwp.dll+0x1816f]
V  [jvm.dll+0x141fb7]
V  [jvm.dll+0x17f96c]
C  [msvcr71.dll+0x9565]
C  [kernel32.dll+0xb729]


---------------  P R O C E S S  ---------------

Java Threads: ( => current thread )
  0x00848c00 JavaThread "DestroyJavaVM" [_thread_blocked, id=14816, stack(0x008e0000,0x00930000)]
  0x172f1400 JavaThread "Thread-1" [_thread_in_native, id=11228, stack(0x17660000,0x176b0000)]
  0x16bd1c00 JavaThread "Low Memory Detector" daemon [_thread_blocked, id=11480, stack(0x16fc0000,0x17010000)]
  0x16bcf000 JavaThread "CompilerThread0" daemon [_thread_blocked, id=5632, stack(0x16f70000,0x16fc0000)]
=>0x16bc1000 JavaThread "JDWP Command Reader" daemon [_thread_in_native, id=13024, stack(0x16f20000,0x16f70000)]
  0x16bbf000 JavaThread "JDWP Event Helper Thread" daemon [_thread_blocked, id=7092, stack(0x16ed0000,0x16f20000)]
  0x16bbcc00 JavaThread "JDWP Transport Listener: dt_socket" daemon [_thread_blocked, id=7220, stack(0x16e80000,0x16ed0000)]
  0x16bad000 JavaThread "Attach Listener" daemon [_thread_blocked, id=14592, stack(0x16d60000,0x16db0000)]
  0x16bc3400 JavaThread "Signal Dispatcher" daemon [_thread_blocked, id=6748, stack(0x16d10000,0x16d60000)]
  0x16b99c00 JavaThread "Finalizer" daemon [_thread_blocked, id=10512, stack(0x16cc0000,0x16d10000)]
  0x16b95400 JavaThread "Reference Handler" daemon [_thread_blocked, id=6752, stack(0x16c70000,0x16cc0000)]

Other Threads:
  0x16b92800 VMThread [stack: 0x16c20000,0x16c70000] [id=8852]
  0x16bd5000 WatcherThread [stack: 0x17010000,0x17060000] [id=16012]

VM state:not at safepoint (normal execution)

VM Mutex/Monitor currently owned by a thread: None

Heap
 def new generation   total 4928K, used 3871K [0x029e0000, 0x02f30000, 0x07f30000)
  eden space 4416K,  87% used [0x029e0000, 0x02da7d70, 0x02e30000)
  from space 512K,   0% used [0x02e30000, 0x02e30000, 0x02eb0000)
  to   space 512K,   0% used [0x02eb0000, 0x02eb0000, 0x02f30000)
 tenured generation   total 10944K, used 0K [0x07f30000, 0x089e0000, 0x129e0000)
   the space 10944K,   0% used [0x07f30000, 0x07f30000, 0x07f30200, 0x089e0000)
 compacting perm gen  total 12288K, used 3951K [0x129e0000, 0x135e0000, 0x169e0000)
   the space 12288K,  32% used [0x129e0000, 0x12dbbdd0, 0x12dbbe00, 0x135e0000)
No shared spaces configured.

Dynamic libraries:
0x00400000 - 0x00424000 	D:\java\jdk1.6.0_20\bin\javaw.exe
0x7c920000 - 0x7c9b6000 	C:\WINDOWS\system32\ntdll.dll
0x7c800000 - 0x7c91e000 	C:\WINDOWS\system32\kernel32.dll
0x77da0000 - 0x77e49000 	C:\WINDOWS\system32\ADVAPI32.dll
0x77e50000 - 0x77ee3000 	C:\WINDOWS\system32\RPCRT4.dll
0x77fc0000 - 0x77fd1000 	C:\WINDOWS\system32\Secur32.dll
0x77d10000 - 0x77da0000 	C:\WINDOWS\system32\USER32.dll
0x77ef0000 - 0x77f39000 	C:\WINDOWS\system32\GDI32.dll
0x76300000 - 0x7631d000 	C:\WINDOWS\system32\IMM32.DLL
0x62c20000 - 0x62c29000 	C:\WINDOWS\system32\LPK.DLL
0x73fa0000 - 0x7400b000 	C:\WINDOWS\system32\USP10.dll
0x7c340000 - 0x7c396000 	D:\java\jdk1.6.0_20\jre\bin\msvcr71.dll
0x6d8b0000 - 0x6db47000 	D:\java\jdk1.6.0_20\jre\bin\client\jvm.dll
0x76b10000 - 0x76b3a000 	C:\WINDOWS\system32\WINMM.dll
0x6d860000 - 0x6d86c000 	D:\java\jdk1.6.0_20\jre\bin\verify.dll
0x6d3e0000 - 0x6d3ff000 	D:\java\jdk1.6.0_20\jre\bin\java.dll
0x6d340000 - 0x6d348000 	D:\java\jdk1.6.0_20\jre\bin\hpi.dll
0x76bc0000 - 0x76bcb000 	C:\WINDOWS\system32\PSAPI.DLL
0x6d430000 - 0x6d459000 	D:\java\jdk1.6.0_20\jre\bin\jdwp.dll
0x6d750000 - 0x6d756000 	D:\java\jdk1.6.0_20\jre\bin\npt.dll
0x6d8a0000 - 0x6d8af000 	D:\java\jdk1.6.0_20\jre\bin\zip.dll
0x6d2b0000 - 0x6d2b7000 	D:\java\jdk1.6.0_20\jre\bin\dt_socket.dll
0x71a20000 - 0x71a37000 	C:\WINDOWS\system32\WS2_32.dll
0x77be0000 - 0x77c38000 	C:\WINDOWS\system32\msvcrt.dll
0x71a10000 - 0x71a18000 	C:\WINDOWS\system32\WS2HELP.dll
0x719c0000 - 0x719fe000 	C:\WINDOWS\System32\mswsock.dll
0x76ef0000 - 0x76f17000 	C:\WINDOWS\system32\DNSAPI.dll
0x76d30000 - 0x76d48000 	C:\WINDOWS\system32\iphlpapi.dll
0x76f80000 - 0x76f88000 	C:\WINDOWS\System32\winrnr.dll
0x76f30000 - 0x76f5c000 	C:\WINDOWS\system32\WLDAP32.dll
0x64000000 - 0x64025000 	C:\Program Files\Bonjour\mdnsNSP.dll
0x76f90000 - 0x76f96000 	C:\WINDOWS\system32\rasadhlp.dll
0x60fd0000 - 0x61025000 	C:\WINDOWS\system32\hnetcfg.dll
0x71a00000 - 0x71a08000 	C:\WINDOWS\System32\wshtcpip.dll
0x6d6c0000 - 0x6d6d3000 	D:\java\jdk1.6.0_20\jre\bin\net.dll

VM Arguments:
jvm_args: -agentlib:jdwp=transport=dt_socket,suspend=y,address=localhost:55520 -Djava.library.path=C:\Documents and Settings\Administrator\workspace\GameCenter\src -Dfile.encoding=UTF-8 
java_command: com.ugame.prophecy.serializer.thrift.JavaServer
Launcher Type: SUN_STANDARD

Environment Variables:
JAVA_HOME=D:/java/jdk1.6.0_20
CLASSPATH=.;C:\Program Files\QuickTime\QTSystem\QTJava.zip
PATH=D:\java\jdk1.6.0_20\jre\bin;D:/java/jdk1.6.0_20/bin/../jre/bin/client;D:/java/jdk1.6.0_20/bin/../jre/bin;D:\java\swigwin-2.0.1;D:\java\arm-2010.09-linux\bin;D:\java\arm-2010.09\bin;D:\java\InstantRails-2.0-win\ruby\bin;D:\java\InstantRails-2.0-win;D:\java\pspsdk\bin;D:\java\apache-maven-2.2.1\bin;D:\java\lua\bin;D:\java\hsqldb\bin;D:\java\jdk1.6.0_20\bin;D:\java\javacc-5.0\bin;D:\java\groovy-1.7.7\bin;D:\java\FlashDevelop;D:\java\KEmulator;D:\java\mingw-insight-6.3\insight\bin;D:\java\eclipse-cpp-helios-SR1-win32;D:\java\eclipse-pulsar-helios-SR1-win32;D:\java\eclipse-jee-galileo-SR2-win32;D:\java\flashplayer;D:\java\cmake-2.8.2-win32-x86\bin;D:\java\apache-ant-1.8.1\bin;D:\java\android-sdk_r10-windows\android-sdk-windows\platform-tools;D:\java\android-sdk_r10-windows\android-sdk-windows\tools;D:\java\7z\bin;.;D:\java\local\bin;D:\java\mingw\bin;D:\java\bin;c:\Program Files\Borland\Delphi7\Bin;c:\Program Files\Borland\Delphi7\Projects\Bpl\;c:\Perl\site\bin;c:\Perl\bin;c:\PROGRA~1\Borland\CBUILD~1\Bin;c:\PROGRA~1\Borland\CBUILD~1\Projects\Bpl;c:\Program Files\CodeGear\RAD Studio\6.0\bin;c:\Documents and Settings\All Users\Documents\RAD Studio\6.0\Bpl;c:\Ruby187\bin;c:\WINDOWS\system32;c:\WINDOWS;c:\WINDOWS\System32\Wbem;c:\Program Files\Common Files\Thunder Network\KanKan\Codecs;c:\Program Files\TortoiseSVN\bin;c:\Program Files\Lua\5.1;c:\Program Files\Lua\5.1\clibs;c:\Program Files\CMake 2.8\bin;c:\Program Files\doxygen\bin;c:\Program Files\Graphviz2.26.3\bin;c:\Program Files\QuickTime\QTSystem\;c:\Program Files\Microsoft SDK\Bin\;c:\Program Files\Microsoft SDK\Bin\WinNT\;c:\Program Files\TortoiseHg\;d:\My Documents\Downloads\nant-bin\nant-0.91-nightly-2010-10-29\bin;c:\python25;c:\Program Files\StormII\Codec;c:\Program Files\StormII;c:\Python31;c:\Downloads\haxe-2.06-win\haxe-2.06-win\;c:\Downloads\haxe-2.06-win\neko;c:\Program Files\OpenVPN\bin;D:\java\opengrok-0.9___;c:\Program Files\Microsoft SDK\Bin\;c:\Program Files\Microsoft SDK\Bin\WinNT\;c:\pspsdk\bin
USERNAME=Administrator
OS=Windows_NT
PROCESSOR_IDENTIFIER=x86 Family 6 Model 37 Stepping 2, GenuineIntel



---------------  S Y S T E M  ---------------

OS: Windows XP Build 2600 Service Pack 3

CPU:total 4 (8 cores per cpu, 2 threads per core) family 6 model 37 stepping 2, cmov, cx8, fxsr, mmx, sse, sse2, sse3, ssse3, sse4.1, sse4.2, popcnt, ht

Memory: 4k page, physical 1994668k(498380k free), swap 3933244k(2069624k free)

vm_info: Java HotSpot(TM) Client VM (16.3-b01) for windows-x86 JRE (1.6.0_20-b02), built on Apr 12 2010 13:52:23 by "java_re" with MS VC++ 7.1 (VS2003)

time: Tue Nov 29 15:39:21 2011
elapsed time: 961 seconds

