#
# A fatal error has been detected by the Java Runtime Environment:
#
#  EXCEPTION_ACCESS_VIOLATION (0xc0000005) at pc=0x179811f9, pid=9344, tid=4712
#
# JRE version: 6.0_20-b02
# Java VM: Java HotSpot(TM) Client VM (16.3-b01 mixed mode windows-x86 )
# Problematic frame:
# C  0x179811f9
#
# If you would like to submit a bug report, please visit:
#   http://java.sun.com/webapps/bugreport/crash.jsp
# The crash happened outside the Java Virtual Machine in native code.
# See problematic frame for where to report the bug.
#

---------------  T H R E A D  ---------------

Current thread (0x16bc0000):  JavaThread "JDWP Command Reader" daemon [_thread_in_native, id=4712, stack(0x16f20000,0x16f70000)]

siginfo: ExceptionCode=0xc0000005, reading address 0x179811f9

Registers:
EAX=0x00000000, EBX=0x16f6faf8, ECX=0x719c44a8, EDX=0x00000001
ESP=0x16f6fa58, EBP=0x16f6fac0, ESI=0x16f6fb10, EDI=0x16f6fb1c
EIP=0x179811f9, EFLAGS=0x00010246

Top of Stack: (sp=0x16f6fa58)
0x16f6fa58:   16f6fb80 16dc7f38 00000000 00000000
0x16f6fa68:   00000000 00000000 00000000 00000000
0x16f6fa78:   00000000 00000000 00000000 00000000
0x16f6fa88:   00000000 00000000 00000000 00000000
0x16f6fa98:   00000000 00000000 00000000 00000000
0x16f6faa8:   00000000 00000000 00000000 00000000
0x16f6fab8:   00000000 00000000 16f6fb08 71a267de
0x16f6fac8:   00003688 16f6faf8 00000001 16f6fb10 

Instructions: (pc=0x179811f9)
0x179811e9:   
[error occurred during error reporting (printing registers, top of stack, instructions near pc), id 0xc0000005]

Stack: [0x16f20000,0x16f70000],  sp=0x16f6fa58,  free space=13e16f6ef18k
Native frames: (J=compiled Java code, j=interpreted, Vv=VM code, C=native code)
C  0x179811f9
C  [WS2_32.dll+0x67de]
C  [dt_socket.dll+0x1df1]
C  [dt_socket.dll+0x1a66]
C  [jdwp.dll+0x1816f]
V  [jvm.dll+0x141fb7]
V  [jvm.dll+0x17f96c]
C  [msvcr71.dll+0x9565]
C  [kernel32.dll+0xb729]


---------------  P R O C E S S  ---------------

Java Threads: ( => current thread )
  0x172dc400 JavaThread "Grizzly(8)" daemon [_thread_blocked, id=10040, stack(0x17fc0000,0x18010000)]
  0x172da800 JavaThread "Grizzly(7)" daemon [_thread_blocked, id=5252, stack(0x17f70000,0x17fc0000)]
  0x172c6000 JavaThread "Grizzly(6)" daemon [_thread_blocked, id=4748, stack(0x17f20000,0x17f70000)]
  0x172c4400 JavaThread "Grizzly(5)" daemon [_thread_blocked, id=7980, stack(0x17ed0000,0x17f20000)]
  0x172bb800 JavaThread "Grizzly(4)" daemon [_thread_blocked, id=9664, stack(0x17e80000,0x17ed0000)]
  0x172b9c00 JavaThread "Grizzly(3)" daemon [_thread_blocked, id=8328, stack(0x17e30000,0x17e80000)]
  0x172b5400 JavaThread "Grizzly(2)" daemon [_thread_blocked, id=1376, stack(0x17de0000,0x17e30000)]
  0x172d7c00 JavaThread "Grizzly(1)" daemon [_thread_blocked, id=9536, stack(0x17d90000,0x17de0000)]
  0x172af800 JavaThread "Grizzly(4) SelectorRunner" daemon [_thread_in_native, id=5584, stack(0x17d40000,0x17d90000)]
  0x172a4400 JavaThread "Grizzly(3) SelectorRunner" daemon [_thread_in_native, id=5228, stack(0x17cf0000,0x17d40000)]
  0x172c0400 JavaThread "Grizzly(2) SelectorRunner" daemon [_thread_in_native, id=7140, stack(0x17ca0000,0x17cf0000)]
  0x172c7400 JavaThread "Grizzly(1) SelectorRunner" daemon [_thread_in_native, id=1164, stack(0x17c50000,0x17ca0000)]
  0x16bd0c00 JavaThread "Low Memory Detector" daemon [_thread_blocked, id=9316, stack(0x16fc0000,0x17010000)]
  0x16bc2400 JavaThread "CompilerThread0" daemon [_thread_blocked, id=10644, stack(0x16f70000,0x16fc0000)]
=>0x16bc0000 JavaThread "JDWP Command Reader" daemon [_thread_in_native, id=4712, stack(0x16f20000,0x16f70000)]
  0x16bbe800 JavaThread "JDWP Event Helper Thread" daemon [_thread_blocked, id=7016, stack(0x16ed0000,0x16f20000)]
  0x16bbc400 JavaThread "JDWP Transport Listener: dt_socket" daemon [_thread_blocked, id=6704, stack(0x16e80000,0x16ed0000)]
  0x16bab400 JavaThread "Attach Listener" daemon [_thread_blocked, id=2500, stack(0x16d60000,0x16db0000)]
  0x16bd8400 JavaThread "Signal Dispatcher" daemon [_thread_blocked, id=1172, stack(0x16d10000,0x16d60000)]
  0x16b99800 JavaThread "Finalizer" daemon [_thread_blocked, id=6196, stack(0x16cc0000,0x16d10000)]
  0x16b94c00 JavaThread "Reference Handler" daemon [_thread_blocked, id=8716, stack(0x16c70000,0x16cc0000)]
  0x00848800 JavaThread "main" [_thread_in_native, id=12164, stack(0x008e0000,0x00930000)]

Other Threads:
  0x16b92000 VMThread [stack: 0x16c20000,0x16c70000] [id=10344]
  0x16bd3400 WatcherThread [stack: 0x17010000,0x17060000] [id=1308]

VM state:not at safepoint (normal execution)

VM Mutex/Monitor currently owned by a thread: None

Heap
 def new generation   total 4928K, used 1670K [0x029e0000, 0x02f30000, 0x07f30000)
  eden space 4416K,  26% used [0x029e0000, 0x02b019c0, 0x02e30000)
  from space 512K, 100% used [0x02eb0000, 0x02f30000, 0x02f30000)
  to   space 512K,   0% used [0x02e30000, 0x02e30000, 0x02eb0000)
 tenured generation   total 10944K, used 768K [0x07f30000, 0x089e0000, 0x129e0000)
   the space 10944K,   7% used [0x07f30000, 0x07ff03c8, 0x07ff0400, 0x089e0000)
 compacting perm gen  total 12288K, used 6966K [0x129e0000, 0x135e0000, 0x169e0000)
   the space 12288K,  56% used [0x129e0000, 0x130ad888, 0x130ada00, 0x135e0000)
No shared spaces configured.

Dynamic libraries:
0x00400000 - 0x00424000 	D:\java\jdk1.6.0_20\bin\javaw.exe
0x7c920000 - 0x7c9b6000 	C:\WINDOWS\system32\ntdll.dll
0x7c800000 - 0x7c91e000 	C:\WINDOWS\system32\kernel32.dll
0x77da0000 - 0x77e49000 	C:\WINDOWS\system32\ADVAPI32.dll
0x77e50000 - 0x77ee3000 	C:\WINDOWS\system32\RPCRT4.dll
0x77fc0000 - 0x77fd1000 	C:\WINDOWS\system32\Secur32.dll
0x77d10000 - 0x77da0000 	C:\WINDOWS\system32\USER32.dll
0x77ef0000 - 0x77f39000 	C:\WINDOWS\system32\GDI32.dll
0x76300000 - 0x7631d000 	C:\WINDOWS\system32\IMM32.DLL
0x62c20000 - 0x62c29000 	C:\WINDOWS\system32\LPK.DLL
0x73fa0000 - 0x7400b000 	C:\WINDOWS\system32\USP10.dll
0x7c340000 - 0x7c396000 	D:\java\jdk1.6.0_20\jre\bin\msvcr71.dll
0x6d8b0000 - 0x6db47000 	D:\java\jdk1.6.0_20\jre\bin\client\jvm.dll
0x76b10000 - 0x76b3a000 	C:\WINDOWS\system32\WINMM.dll
0x6d860000 - 0x6d86c000 	D:\java\jdk1.6.0_20\jre\bin\verify.dll
0x6d3e0000 - 0x6d3ff000 	D:\java\jdk1.6.0_20\jre\bin\java.dll
0x6d340000 - 0x6d348000 	D:\java\jdk1.6.0_20\jre\bin\hpi.dll
0x76bc0000 - 0x76bcb000 	C:\WINDOWS\system32\PSAPI.DLL
0x6d430000 - 0x6d459000 	D:\java\jdk1.6.0_20\jre\bin\jdwp.dll
0x6d750000 - 0x6d756000 	D:\java\jdk1.6.0_20\jre\bin\npt.dll
0x6d8a0000 - 0x6d8af000 	D:\java\jdk1.6.0_20\jre\bin\zip.dll
0x6d2b0000 - 0x6d2b7000 	D:\java\jdk1.6.0_20\jre\bin\dt_socket.dll
0x71a20000 - 0x71a37000 	C:\WINDOWS\system32\WS2_32.dll
0x77be0000 - 0x77c38000 	C:\WINDOWS\system32\msvcrt.dll
0x71a10000 - 0x71a18000 	C:\WINDOWS\system32\WS2HELP.dll
0x719c0000 - 0x719fe000 	C:\WINDOWS\System32\mswsock.dll
0x76ef0000 - 0x76f17000 	C:\WINDOWS\system32\DNSAPI.dll
0x76d30000 - 0x76d48000 	C:\WINDOWS\system32\iphlpapi.dll
0x76f80000 - 0x76f88000 	C:\WINDOWS\System32\winrnr.dll
0x76f30000 - 0x76f5c000 	C:\WINDOWS\system32\WLDAP32.dll
0x64000000 - 0x64025000 	C:\Program Files\Bonjour\mdnsNSP.dll
0x76f90000 - 0x76f96000 	C:\WINDOWS\system32\rasadhlp.dll
0x60fd0000 - 0x61025000 	C:\WINDOWS\system32\hnetcfg.dll
0x71a00000 - 0x71a08000 	C:\WINDOWS\System32\wshtcpip.dll
0x17660000 - 0x17698000 	C:\Documents and Settings\Administrator\workspace\GameCenter\src\luajava-1.1.dll
0x177b0000 - 0x17813000 	C:\Documents and Settings\Administrator\Local Settings\Temp\swtlib-32\swt-win32-3655.dll
0x76990000 - 0x76ace000 	C:\WINDOWS\system32\ole32.dll
0x770f0000 - 0x7717b000 	C:\WINDOWS\system32\OLEAUT32.dll
0x76320000 - 0x76367000 	C:\WINDOWS\system32\comdlg32.dll
0x77180000 - 0x77283000 	C:\WINDOWS\WinSxS\x86_Microsoft.Windows.Common-Controls_6595b64144ccf1df_6.0.2600.6028_x-ww_61e65202\COMCTL32.dll
0x77f40000 - 0x77fb6000 	C:\WINDOWS\system32\SHLWAPI.dll
0x7d590000 - 0x7dd85000 	C:\WINDOWS\system32\SHELL32.dll
0x3e410000 - 0x3e4e3000 	C:\WINDOWS\system32\WININET.dll
0x17830000 - 0x17839000 	C:\WINDOWS\system32\Normaliz.dll
0x3eab0000 - 0x3eaf5000 	C:\WINDOWS\system32\iertutil.dll
0x5adc0000 - 0x5adf7000 	C:\WINDOWS\system32\uxtheme.dll
0x17a30000 - 0x17a8a000 	C:\Program Files\360\360safe\safemon\safemon.dll
0x75ff0000 - 0x76055000 	C:\WINDOWS\system32\MSVCP60.dll
0x77bd0000 - 0x77bd8000 	C:\WINDOWS\system32\VERSION.dll
0x74680000 - 0x746cc000 	C:\WINDOWS\system32\MSCTF.dll
0x73640000 - 0x7366e000 	C:\WINDOWS\system32\msctfime.ime
0x74be0000 - 0x74c0c000 	C:\WINDOWS\system32\oleacc.dll
0x6d6c0000 - 0x6d6d3000 	D:\java\jdk1.6.0_20\jre\bin\net.dll
0x6d6e0000 - 0x6d6e9000 	D:\java\jdk1.6.0_20\jre\bin\nio.dll
0x68000000 - 0x68036000 	C:\WINDOWS\system32\rsaenh.dll
0x759d0000 - 0x75a7f000 	C:\WINDOWS\system32\USERENV.dll
0x5fdd0000 - 0x5fe26000 	C:\WINDOWS\system32\netapi32.dll

VM Arguments:
jvm_args: -agentlib:jdwp=transport=dt_socket,suspend=y,address=localhost:57420 -Djava.library.path=C:\Documents and Settings\Administrator\workspace\GameCenter\src -Dfile.encoding=UTF-8 
java_command: com.ugame.prophecy.ui.GUIMain
Launcher Type: SUN_STANDARD

Environment Variables:
JAVA_HOME=D:/java/jdk1.6.0_20
CLASSPATH=.;C:\Program Files\QuickTime\QTSystem\QTJava.zip
PATH=D:\java\jdk1.6.0_20\jre\bin;D:/java/jdk1.6.0_20/bin/../jre/bin/client;D:/java/jdk1.6.0_20/bin/../jre/bin;D:\java\swigwin-2.0.1;D:\java\arm-2010.09-linux\bin;D:\java\arm-2010.09\bin;D:\java\InstantRails-2.0-win\ruby\bin;D:\java\InstantRails-2.0-win;D:\java\pspsdk\bin;D:\java\apache-maven-2.2.1\bin;D:\java\lua\bin;D:\java\hsqldb\bin;D:\java\jdk1.6.0_20\bin;D:\java\javacc-5.0\bin;D:\java\groovy-1.7.7\bin;D:\java\FlashDevelop;D:\java\KEmulator;D:\java\mingw-insight-6.3\insight\bin;D:\java\eclipse-cpp-helios-SR1-win32;D:\java\eclipse-pulsar-helios-SR1-win32;D:\java\eclipse-jee-galileo-SR2-win32;D:\java\flashplayer;D:\java\cmake-2.8.2-win32-x86\bin;D:\java\apache-ant-1.8.1\bin;D:\java\android-sdk_r10-windows\android-sdk-windows\platform-tools;D:\java\android-sdk_r10-windows\android-sdk-windows\tools;D:\java\7z\bin;.;D:\java\local\bin;D:\java\mingw\bin;D:\java\bin;c:\Program Files\OSSBuild\GStreamer\v0.10.6\bin;c:\Perl\site\bin;c:\Perl\bin;c:\Tcl\bin;c:\PROGRA~1\Borland\CBUILD~1\Bin;c:\PROGRA~1\Borland\CBUILD~1\Projects\Bpl;c:\Program Files\CodeGear\RAD Studio\6.0\bin;c:\Documents and Settings\All Users\Documents\RAD Studio\6.0\Bpl;c:\Ruby187\bin;c:\WINDOWS\system32;c:\WINDOWS;c:\WINDOWS\System32\Wbem;c:\Program Files\Common Files\Thunder Network\KanKan\Codecs;c:\Program Files\TortoiseSVN\bin;c:\Program Files\Lua\5.1;c:\Program Files\Lua\5.1\clibs;c:\Program Files\CMake 2.8\bin;c:\Program Files\doxygen\bin;c:\Program Files\Graphviz2.26.3\bin;c:\Program Files\QuickTime\QTSystem\;c:\Program Files\Microsoft Network Monitor 3\;d:\My Documents\Downloads\nant-bin\nant-0.91-nightly-2010-10-29\bin;c:\python25;c:\Program Files\SlickEditV14.0.2\win\;c:\Program Files\StormII\Codec;c:\Program Files\StormII;c:\Python31;c:\Program Files\Nmap;c:\Downloads\haxe-2.06-win\haxe-2.06-win\;c:\Downloads\haxe-2.06-win\neko;c:\Program Files\OpenVPN\bin;D:\java\opengrok-0.9___
USERNAME=Administrator
OS=Windows_NT
PROCESSOR_IDENTIFIER=x86 Family 6 Model 37 Stepping 2, GenuineIntel



---------------  S Y S T E M  ---------------

OS: Windows XP Build 2600 Service Pack 3

CPU:total 4 (8 cores per cpu, 2 threads per core) family 6 model 37 stepping 2, cmov, cx8, fxsr, mmx, sse, sse2, sse3, ssse3, sse4.1, sse4.2, popcnt, ht

Memory: 4k page, physical 1994668k(388476k free), swap 3933448k(1701928k free)

vm_info: Java HotSpot(TM) Client VM (16.3-b01) for windows-x86 JRE (1.6.0_20-b02), built on Apr 12 2010 13:52:23 by "java_re" with MS VC++ 7.1 (VS2003)

time: Tue Aug 23 13:21:14 2011
elapsed time: 1443 seconds

